2016-06-16 14:39:55,203 - __main__ - INFO - main get lock!
2016-06-16 14:39:55,204 - __main__ - INFO - main notify!
2016-06-16 14:39:55,206 - __main__ - INFO - main free lock!
2016-06-16 14:41:19,601 - __main__ - INFO - main get lock!
2016-06-16 14:41:19,601 - __main__ - INFO - main notify!
2016-06-16 14:41:19,601 - __main__ - INFO - main free lock!
2016-06-16 14:41:21,052 - __parents_main__ - INFO - Process-1start!
2016-06-16 14:41:21,052 - __parents_main__ - INFO - Process-10start!
2016-06-16 14:41:21,052 - __parents_main__ - INFO - Process-1join!
2016-06-16 14:41:21,052 - __parents_main__ - INFO - Process-2start!
2016-06-16 14:41:21,052 - __parents_main__ - INFO - Process-11start!
2016-06-16 14:41:21,052 - __parents_main__ - INFO - Process-10get data!
2016-06-16 14:41:21,052 - __parents_main__ - INFO - Process-20start!
2016-06-16 14:41:21,052 - __parents_main__ - INFO - Process-2join!
ta!
2016-06-16 14:41:21,052 - __parents_main__ - INFO - Process-21start!
2016-06-16 14:41:21,098 - __parents_main__ - INFO - Process-20get data!
2016-06-16 14:41:21,098 - __parents_main__ - INFO - Process-21get data!
2016-06-16 14:41:21,630 - __parents_main__ - INFO - Process-11put data!000002
2016-06-16 14:41:21,631 - __parents_main__ - INFO - Process-11end!
2016-06-16 14:41:21,631 - __parents_main__ - INFO - Process-11get data!
2016-06-16 14:41:23,684 - __parents_main__ - INFO - Process-11put data!002215
2016-06-16 14:41:23,684 - __parents_main__ - INFO - Process-11end!
2016-06-16 14:41:23,684 - __parents_main__ - INFO - Process-11get data!
2016-06-16 14:41:23,763 - __parents_main__ - INFO - Process-21put data!600313
2016-06-16 14:41:23,766 - __parents_main__ - INFO - Process-21end!
2016-06-16 14:41:23,766 - __parents_main__ - INFO - Process-21wait!
2016-06-16 14:41:24,013 - __parents_main__ - INFO - Process-20put data!000876
2016-06-16 14:41:24,013 - __parents_main__ - INFO - Process-20end!
2016-06-16 14:41:24,013 - __parents_main__ - INFO - Process-20wait!
2016-06-16 14:41:25,292 - __parents_main__ - INFO - Process-10put data!000001
2016-06-16 14:41:25,292 - __parents_main__ - INFO - Process-10end!
2016-06-16 14:41:25,292 - __parents_main__ - INFO - Process-10wait!
2016-06-16 14:41:26,132 - __parents_main__ - INFO - Process-11put data!002223
2016-06-16 14:41:26,134 - __parents_main__ - INFO - Process-11end!
2016-06-16 14:41:26,134 - __parents_main__ - INFO - Process-11wait!
2016-06-16 14:48:33,563 - __main__ - INFO - main get lock!
2016-06-16 14:48:33,563 - __main__ - INFO - main notify!
2016-06-16 14:48:33,565 - __main__ - INFO - main free lock!
2016-06-16 14:48:33,565 - __main__ - INFO - main end!
2016-06-16 14:48:35,026 - __parents_main__ - INFO - Process-2start!
2016-06-16 14:48:35,028 - __parents_main__ - INFO - Process-20start!
2016-06-16 14:48:35,028 - __parents_main__ - INFO - Process-1start!
2016-06-16 14:48:35,028 - __parents_main__ - INFO - Process-21start!
2016-06-16 14:48:35,028 - __parents_main__ - INFO - Process-2join!
2016-06-16 14:48:35,028 - __parents_main__ - INFO - Process-20get data!
2016-06-16 14:48:35,029 - __parents_main__ - INFO - Process-21get data!
2016-06-16 14:48:35,029 - __parents_main__ - INFO - Process-10start!
2016-06-16 14:48:35,029 - __parents_main__ - INFO - Process-11start!
2016-06-16 14:48:35,029 - __parents_main__ - INFO - Process-1join!
2016-06-16 14:48:35,029 - __parents_main__ - INFO - Process-10get data!
2016-06-16 14:48:35,029 - __parents_main__ - INFO - Process-11get data!
2016-06-16 14:48:35,562 - __parents_main__ - INFO - Process-21put data!000002
2016-06-16 14:48:35,562 - __parents_main__ - INFO - Process-21end!
2016-06-16 14:48:35,562 - __parents_main__ - INFO - Process-21get data!
2016-06-16 14:48:37,630 - __parents_main__ - INFO - Process-11put data!600313
2016-06-16 14:48:37,630 - __parents_main__ - INFO - Process-11end!
2016-06-16 14:48:37,631 - __parents_main__ - INFO - Process-11get data!
2016-06-16 14:48:38,078 - __parents_main__ - INFO - Process-20put data!000001
2016-06-16 14:48:38,078 - __parents_main__ - INFO - Process-20end!
2016-06-16 14:48:38,078 - __parents_main__ - INFO - Process-20wait!
2016-06-16 14:48:38,220 - __parents_main__ - INFO - Process-21put data!002215
2016-06-16 14:48:38,220 - __parents_main__ - INFO - Process-21end!
2016-06-16 14:48:38,220 - __parents_main__ - INFO - Process-21wait!
2016-06-16 14:48:38,670 - __parents_main__ - INFO - Process-10put data!000876
2016-06-16 14:48:38,671 - __parents_main__ - INFO - Process-10end!
2016-06-16 14:48:38,671 - __parents_main__ - INFO - Process-10wait!
2016-06-16 14:48:39,838 - __parents_main__ - INFO - Process-11put data!002223
2016-06-16 14:48:39,839 - __parents_main__ - INFO - Process-11end!
2016-06-16 15:05:22,744 - __main__ - INFO - main get lock!
2016-06-16 15:05:22,746 - __main__ - INFO - main notify!
2016-06-16 15:05:22,746 - __main__ - INFO - main free lock!
2016-06-16 15:05:22,746 - __main__ - INFO - main join!
2016-06-16 15:05:24,247 - __parents_main__ - INFO - Process-1start!
2016-06-16 15:05:24,247 - __parents_main__ - INFO - Process-2start!

2016-06-16 15:05:24,249 - __parents_main__ - INFO - Process-11start!
2016-06-16 15:05:24,249 - __parents_main__ - INFO - Process-1end!
2016-06-16 15:05:24,249 - __parents_main__ - INFO - Process-10get data!
2016-06-16 15:05:24,249 - __parents_main__ - INFO - Process-20start!
2016-06-16 15:05:24,249 - __parents_main__ - INFO - Process-2end!
2016-06-16 15:05:24,249 - __parents_main__ - INFO - Process-21start!
2016-06-16 15:09:27,897 - __main__ - INFO - main get lock!
2016-06-16 15:09:27,901 - __main__ - INFO - main notify!
2016-06-16 15:09:27,901 - __main__ - INFO - main free lock!
2016-06-16 15:09:27,901 - __main__ - INFO - main join!
2016-06-16 15:09:29,252 - __parents_main__ - INFO - Process-1start!
2016-06-16 15:09:29,253 - __parents_main__ - INFO - Process-10start!
2016-06-16 15:09:29,253 - __parents_main__ - INFO - Process-10get data!
2016-06-16 15:09:29,253 - __parents_main__ - INFO - Process-2start!
2016-06-16 15:09:29,253 - __parents_main__ - INFO - Process-1end!
2016-06-16 15:09:29,253 - __parents_main__ - INFO - Process-11start!
2016-06-16 15:09:29,255 - __parents_main__ - INFO - Process-20start!
2016-06-16 15:09:29,255 - __parents_main__ - INFO - Process-20get data!
2016-06-16 15:09:29,255 - __parents_main__ - INFO - Process-21start!
2016-06-16 15:09:29,256 - __parents_main__ - INFO - Process-2end!
2016-06-16 15:19:53,515 - __main__ - INFO - main get lock!
2016-06-16 15:19:53,516 - __main__ - INFO - main notify!
2016-06-16 15:19:53,516 - __main__ - INFO - main free lock!
2016-06-16 15:19:53,516 - __main__ - INFO - main join!
2016-06-16 15:19:55,059 - __parents_main__ - INFO - Process-2start!
2016-06-16 15:19:55,059 - __parents_main__ - INFO - Process-20start!
2016-06-16 15:19:55,059 - __parents_main__ - INFO - Process-1start!
2016-06-16 15:19:55,059 - __parents_main__ - INFO - Process-21start!
2016-06-16 15:19:55,059 - __parents_main__ - INFO - Process-2end!
2016-06-16 15:19:55,059 - __parents_main__ - INFO - Process-10start!
2016-06-16 15:19:55,059 - __parents_main__ - INFO - Process-20get data!
2016-06-16 15:19:55,059 - __parents_main__ - INFO - Process-21get data!
2016-06-16 15:19:55,059 - __parents_main__ - INFO - Process-11start!
2016-06-16 15:19:55,059 - __parents_main__ - INFO - Process-2join!
2016-06-16 15:19:55,059 - __parents_main__ - INFO - Process-1end!
2016-06-16 15:19:55,059 - __parents_main__ - INFO - Process-10get data!
2016-06-16 15:19:55,061 - __parents_main__ - INFO - Process-11get data!
2016-06-16 15:19:55,061 - __parents_main__ - INFO - Process-1join!
2016-06-16 15:19:55,515 - __parents_main__ - INFO - Process-21put data!000002
2016-06-16 15:19:55,515 - __parents_main__ - INFO - Process-21end!
2016-06-16 15:19:55,516 - __parents_main__ - INFO - Process-21get data!
2016-06-16 15:19:57,111 - __parents_main__ - INFO - Process-10put data!000876
2016-06-16 15:19:57,111 - __parents_main__ - INFO - Process-10end!
2016-06-16 15:19:57,111 - __parents_main__ - INFO - Process-10get data!
2016-06-16 15:19:57,296 - __parents_main__ - INFO - Process-20put data!000001
2016-06-16 15:19:57,296 - __parents_main__ - INFO - Process-20end!
2016-06-16 15:19:57,298 - __parents_main__ - INFO - Process-20wait!
2016-06-16 15:19:57,594 - __parents_main__ - INFO - Process-21put data!002215
2016-06-16 15:19:57,595 - __parents_main__ - INFO - Process-21end!
2016-06-16 15:19:57,595 - __parents_main__ - INFO - Process-21wait!
2016-06-16 15:19:57,697 - __parents_main__ - INFO - Process-11put data!600313
2016-06-16 15:19:57,697 - __parents_main__ - INFO - Process-11end!
2016-06-16 15:19:57,697 - __parents_main__ - INFO - Process-11wait!
2016-06-16 15:19:59,328 - __parents_main__ - INFO - Process-10put data!002223
2016-06-16 15:19:59,328 - __main__ - INFO - main end!
2016-06-16 15:19:59,328 - __parents_main__ - INFO - Process-10end!
